nohup: ignoring input
[34m2022-12-05 05:52:51.053 EST 0001 INFO[0m [localconfig] [34;1mcompleteInitialization[0m -> Kafka.Version unset, setting to 0.10.2.0
[34m2022-12-05 05:52:51.053 EST 0002 INFO[0m [orderer.common.server] [34;1mprettyPrintStruct[0m -> Orderer config values:
	General.ListenAddress = "192.168.5.128"
	General.ListenPort = 8050
	General.TLS.Enabled = true
	General.TLS.PrivateKey = "/home/kali/hyperledger/fabric-network-learn/crypto-config/ordererOrganizations/example.com/orderers/orderer1.example.com/tls/server.key"
	General.TLS.Certificate = "/home/kali/hyperledger/fabric-network-learn/crypto-config/ordererOrganizations/example.com/orderers/orderer1.example.com/tls/server.crt"
	General.TLS.RootCAs = [/home/kali/hyperledger/fabric-network-learn/crypto-config/ordererOrganizations/example.com/orderers/orderer1.example.com/tls/ca.crt]
	General.TLS.ClientAuthRequired = false
	General.TLS.ClientRootCAs = []
	General.TLS.TLSHandshakeTimeShift = 0s
	General.Cluster.ListenAddress = ""
	General.Cluster.ListenPort = 0
	General.Cluster.ServerCertificate = ""
	General.Cluster.ServerPrivateKey = ""
	General.Cluster.ClientCertificate = "/home/kali/hyperledger/fabric-network-learn/crypto-config/ordererOrganizations/example.com/orderers/orderer1.example.com/tls/server.crt"
	General.Cluster.ClientPrivateKey = "/home/kali/hyperledger/fabric-network-learn/crypto-config/ordererOrganizations/example.com/orderers/orderer1.example.com/tls/server.key"
	General.Cluster.RootCAs = []
	General.Cluster.DialTimeout = 5s
	General.Cluster.RPCTimeout = 7s
	General.Cluster.ReplicationBufferSize = 20971520
	General.Cluster.ReplicationPullTimeout = 5s
	General.Cluster.ReplicationRetryTimeout = 5s
	General.Cluster.ReplicationBackgroundRefreshInterval = 5m0s
	General.Cluster.ReplicationMaxRetries = 12
	General.Cluster.SendBufferSize = 10
	General.Cluster.CertExpirationWarningThreshold = 168h0m0s
	General.Cluster.TLSHandshakeTimeShift = 0s
	General.Keepalive.ServerMinInterval = 1m0s
	General.Keepalive.ServerInterval = 2h0m0s
	General.Keepalive.ServerTimeout = 20s
	General.ConnectionTimeout = 0s
	General.GenesisMethod = ""
	General.GenesisFile = ""
	General.BootstrapMethod = "file"
	General.BootstrapFile = "/home/kali/hyperledger/fabric-network-learn/channel-artifacts/orderer.genesis.block"
	General.Profile.Enabled = false
	General.Profile.Address = "0.0.0.0:6060"
	General.LocalMSPDir = "/home/kali/hyperledger/fabric-network-learn/crypto-config/ordererOrganizations/example.com/orderers/orderer1.example.com/msp"
	General.LocalMSPID = "OrdererMSP"
	General.BCCSP.Default = "SW"
	General.BCCSP.SW.Security = 256
	General.BCCSP.SW.Hash = "SHA2"
	General.BCCSP.SW.FileKeystore.KeyStorePath = ""
	General.Authentication.TimeWindow = 15m0s
	General.Authentication.NoExpirationChecks = false
	General.MaxRecvMsgSize = 104857600
	General.MaxSendMsgSize = 104857600
	FileLedger.Location = "/home/kali/hyperledger/fabric-network-learn/orderer1/production"
	FileLedger.Prefix = "hyperledger-fabric-ordererledger"
	Kafka.Retry.ShortInterval = 5s
	Kafka.Retry.ShortTotal = 10m0s
	Kafka.Retry.LongInterval = 5m0s
	Kafka.Retry.LongTotal = 12h0m0s
	Kafka.Retry.NetworkTimeouts.DialTimeout = 10s
	Kafka.Retry.NetworkTimeouts.ReadTimeout = 10s
	Kafka.Retry.NetworkTimeouts.WriteTimeout = 10s
	Kafka.Retry.Metadata.RetryMax = 3
	Kafka.Retry.Metadata.RetryBackoff = 250ms
	Kafka.Retry.Producer.RetryMax = 3
	Kafka.Retry.Producer.RetryBackoff = 100ms
	Kafka.Retry.Consumer.RetryBackoff = 2s
	Kafka.Verbose = false
	Kafka.Version = 0.10.2.0
	Kafka.TLS.Enabled = false
	Kafka.TLS.PrivateKey = ""
	Kafka.TLS.Certificate = ""
	Kafka.TLS.RootCAs = []
	Kafka.TLS.ClientAuthRequired = false
	Kafka.TLS.ClientRootCAs = []
	Kafka.TLS.TLSHandshakeTimeShift = 0s
	Kafka.SASLPlain.Enabled = false
	Kafka.SASLPlain.User = ""
	Kafka.SASLPlain.Password = ""
	Kafka.Topic.ReplicationFactor = 3
	Debug.BroadcastTraceDir = ""
	Debug.DeliverTraceDir = ""
	Consensus = map[SnapDir:/home/kali/hyperledger/fabric-network-learn/orderer1/production/etcdraft/snapshot WALDir:/home/kali/hyperledger/fabric-network-learn/orderer1/production/etcdraft/wal]
	Operations.ListenAddress = "127.0.0.1:8444"
	Operations.TLS.Enabled = false
	Operations.TLS.PrivateKey = ""
	Operations.TLS.Certificate = ""
	Operations.TLS.RootCAs = []
	Operations.TLS.ClientAuthRequired = false
	Operations.TLS.ClientRootCAs = []
	Operations.TLS.TLSHandshakeTimeShift = 0s
	Metrics.Provider = "disabled"
	Metrics.Statsd.Network = "udp"
	Metrics.Statsd.Address = "127.0.0.1:8125"
	Metrics.Statsd.WriteInterval = 30s
	Metrics.Statsd.Prefix = ""
	ChannelParticipation.Enabled = false
	ChannelParticipation.MaxRequestBodySize = 1048576
	Admin.ListenAddress = "127.0.0.1:9444"
	Admin.TLS.Enabled = false
	Admin.TLS.PrivateKey = ""
	Admin.TLS.Certificate = ""
	Admin.TLS.RootCAs = []
	Admin.TLS.ClientAuthRequired = true
	Admin.TLS.ClientRootCAs = []
	Admin.TLS.TLSHandshakeTimeShift = 0s
[34m2022-12-05 05:52:51.054 EST 0003 INFO[0m [orderer.common.server] [34;1minitializeServerConfig[0m -> Starting orderer with TLS enabled
[34m2022-12-05 05:52:51.060 EST 0004 INFO[0m [blkstorage] [34;1mNewProvider[0m -> Creating new file ledger directory at /home/kali/hyperledger/fabric-network-learn/orderer1/production/chains
[34m2022-12-05 05:52:51.062 EST 0005 INFO[0m [orderer.common.server] [34;1mMain[0m -> Bootstrapping the system channel
[34m2022-12-05 05:52:51.063 EST 0006 INFO[0m [blkstorage] [34;1mnewBlockfileMgr[0m -> Getting block information from block storage
[34m2022-12-05 05:52:51.065 EST 0007 INFO[0m [orderer.common.server] [34;1minitializeBootstrapChannel[0m -> Initialized the system channel 'fabric-channel' from bootstrap block
[34m2022-12-05 05:52:51.067 EST 0008 INFO[0m [orderer.common.server] [34;1mextractSystemChannel[0m -> Found system channel config block, number: 0
[34m2022-12-05 05:52:51.067 EST 0009 INFO[0m [orderer.common.server] [34;1mselectClusterBootBlock[0m -> Cluster boot block is bootstrap (genesis) block; Blocks Header.Number system-channel=0, bootstrap=0
[34m2022-12-05 05:52:51.068 EST 000a INFO[0m [orderer.common.server] [34;1mMain[0m -> Starting with system channel: fabric-channel, consensus type: etcdraft
[34m2022-12-05 05:52:51.068 EST 000b INFO[0m [orderer.common.server] [34;1mMain[0m -> Setting up cluster
[34m2022-12-05 05:52:51.068 EST 000c INFO[0m [orderer.common.server] [34;1mreuseListener[0m -> Cluster listener is not configured, defaulting to use the general listener on port 8050
[34m2022-12-05 05:52:51.069 EST 000d INFO[0m [orderer.common.cluster] [34;1mloadVerifier[0m -> Loaded verifier for channel fabric-channel from config block at index 0
[34m2022-12-05 05:52:51.069 EST 000e INFO[0m [certmonitor] [34;1mtrackCertExpiration[0m -> The enrollment certificate will expire on 2032-12-02 10:46:00 +0000 UTC
[34m2022-12-05 05:52:51.069 EST 000f INFO[0m [certmonitor] [34;1mtrackCertExpiration[0m -> The server TLS certificate will expire on 2032-12-02 10:46:00 +0000 UTC
[34m2022-12-05 05:52:51.069 EST 0010 INFO[0m [certmonitor] [34;1mtrackCertExpiration[0m -> The client TLS certificate will expire on 2032-12-02 10:46:00 +0000 UTC
[34m2022-12-05 05:52:51.073 EST 0011 INFO[0m [orderer.consensus.etcdraft] [34;1mHandleChain[0m -> EvictionSuspicion not set, defaulting to 10m0s
[34m2022-12-05 05:52:51.073 EST 0012 INFO[0m [orderer.consensus.etcdraft] [34;1mHandleChain[0m -> With system channel: after eviction InactiveChainRegistry.TrackChain will be called
[34m2022-12-05 05:52:51.073 EST 0013 INFO[0m [orderer.consensus.etcdraft] [34;1mcreateOrReadWAL[0m -> No WAL data found, creating new WAL at path '/home/kali/hyperledger/fabric-network-learn/orderer1/production/etcdraft/wal/fabric-channel' channel=fabric-channel node=2
[34m2022-12-05 05:52:51.075 EST 0014 INFO[0m [orderer.commmon.multichannel] [34;1minitSystemChannel[0m -> Starting system channel 'fabric-channel' with genesis block hash dccaff3e2ef65bc9ebd8f0dcf66503367c25a68a94bde0628bd5542b9e63ddf9 and orderer type etcdraft
[34m2022-12-05 05:52:51.075 EST 0015 INFO[0m [orderer.consensus.etcdraft] [34;1mStart[0m -> Starting Raft node channel=fabric-channel node=2
[34m2022-12-05 05:52:51.075 EST 0016 INFO[0m [orderer.common.cluster] [34;1mConfigure[0m -> Entering, channel: fabric-channel, nodes: [ID: 1,
Endpoint: orderer0.example.com:7050,
ServerTLSCert:-----BEGIN CERTIFICATE-----
MIICXTCCAgOgAwIBAgIRAK+KFEU7wHxflMw2z7qrE5gwCgYIKoZIzj0EAwIwbDEL
MAkGA1UEBhMCVVMxEzARBgNVBAgTCkNhbGlmb3JuaWExFjAUBgNVBAcTDVNhbiBG
cmFuY2lzY28xFDASBgNVBAoTC2V4YW1wbGUuY29tMRowGAYDVQQDExF0bHNjYS5l
eGFtcGxlLmNvbTAeFw0yMjEyMDUxMDQ2MDBaFw0zMjEyMDIxMDQ2MDBaMFkxCzAJ
BgNVBAYTAlVTMRMwEQYDVQQIEwpDYWxpZm9ybmlhMRYwFAYDVQQHEw1TYW4gRnJh
bmNpc2NvMR0wGwYDVQQDExRvcmRlcmVyMC5leGFtcGxlLmNvbTBZMBMGByqGSM49
AgEGCCqGSM49AwEHA0IABPg5xsEmlUHDCSVpC44IZruuI0+dU+eTq5k9R1kGwP3g
54WUZbW9+LBDTYmHX5ckLK102lEVef0ihYRgKOzwRWKjgZgwgZUwDgYDVR0PAQH/
BAQDAgWgMB0GA1UdJQQWMBQGCCsGAQUFBwMBBggrBgEFBQcDAjAMBgNVHRMBAf8E
AjAAMCsGA1UdIwQkMCKAIF4CNmIIOmrf4qP2Q/ZmAjZXxq2OApG6lqFWDuybch/u
MCkGA1UdEQQiMCCCFG9yZGVyZXIwLmV4YW1wbGUuY29tgghvcmRlcmVyMDAKBggq
hkjOPQQDAgNIADBFAiEAmxpCA9x4MkAcXr/v9a2IwL8GpyX4TcYu0wPDT7H+CrYC
IFP/VKU5JGE1rk8zfPc5nQULO6/o4c3ONDxQ4vacbp8m
-----END CERTIFICATE-----
, ClientTLSCert:-----BEGIN CERTIFICATE-----
MIICXTCCAgOgAwIBAgIRAK+KFEU7wHxflMw2z7qrE5gwCgYIKoZIzj0EAwIwbDEL
MAkGA1UEBhMCVVMxEzARBgNVBAgTCkNhbGlmb3JuaWExFjAUBgNVBAcTDVNhbiBG
cmFuY2lzY28xFDASBgNVBAoTC2V4YW1wbGUuY29tMRowGAYDVQQDExF0bHNjYS5l
eGFtcGxlLmNvbTAeFw0yMjEyMDUxMDQ2MDBaFw0zMjEyMDIxMDQ2MDBaMFkxCzAJ
BgNVBAYTAlVTMRMwEQYDVQQIEwpDYWxpZm9ybmlhMRYwFAYDVQQHEw1TYW4gRnJh
bmNpc2NvMR0wGwYDVQQDExRvcmRlcmVyMC5leGFtcGxlLmNvbTBZMBMGByqGSM49
AgEGCCqGSM49AwEHA0IABPg5xsEmlUHDCSVpC44IZruuI0+dU+eTq5k9R1kGwP3g
54WUZbW9+LBDTYmHX5ckLK102lEVef0ihYRgKOzwRWKjgZgwgZUwDgYDVR0PAQH/
BAQDAgWgMB0GA1UdJQQWMBQGCCsGAQUFBwMBBggrBgEFBQcDAjAMBgNVHRMBAf8E
AjAAMCsGA1UdIwQkMCKAIF4CNmIIOmrf4qP2Q/ZmAjZXxq2OApG6lqFWDuybch/u
MCkGA1UdEQQiMCCCFG9yZGVyZXIwLmV4YW1wbGUuY29tgghvcmRlcmVyMDAKBggq
hkjOPQQDAgNIADBFAiEAmxpCA9x4MkAcXr/v9a2IwL8GpyX4TcYu0wPDT7H+CrYC
IFP/VKU5JGE1rk8zfPc5nQULO6/o4c3ONDxQ4vacbp8m
-----END CERTIFICATE-----
 ID: 3,
Endpoint: orderer2.example.com:9050,
ServerTLSCert:-----BEGIN CERTIFICATE-----
MIICZDCCAgugAwIBAgIQbyHb+DiQl3Zk97H0SLnRdDAKBggqhkjOPQQDAjBsMQsw
CQYDVQQGEwJVUzETMBEGA1UECBMKQ2FsaWZvcm5pYTEWMBQGA1UEBxMNU2FuIEZy
YW5jaXNjbzEUMBIGA1UEChMLZXhhbXBsZS5jb20xGjAYBgNVBAMTEXRsc2NhLmV4
YW1wbGUuY29tMB4XDTIyMTIwNTEwNDYwMFoXDTMyMTIwMjEwNDYwMFowWTELMAkG
A1UEBhMCVVMxEzARBgNVBAgTCkNhbGlmb3JuaWExFjAUBgNVBAcTDVNhbiBGcmFu
Y2lzY28xHTAbBgNVBAMTFG9yZGVyZXIyLmV4YW1wbGUuY29tMFkwEwYHKoZIzj0C
AQYIKoZIzj0DAQcDQgAEqOzin4w4xr4mXk7WLeGVM+2S37xQtVQDLta+CgpvEIpL
PVGaCIUyMaCldOvdRTvHGS2rqBCDWG2IdpN+yTmWd6OBoTCBnjAOBgNVHQ8BAf8E
BAMCBaAwHQYDVR0lBBYwFAYIKwYBBQUHAwEGCCsGAQUFBwMCMAwGA1UdEwEB/wQC
MAAwKwYDVR0jBCQwIoAgXgI2Ygg6at/io/ZD9mYCNlfGrY4CkbqWoVYO7JtyH+4w
MgYDVR0RBCswKYIUb3JkZXJlcjIuZXhhbXBsZS5jb22CCG9yZGVyZXIyggEqhwTA
qAWAMAoGCCqGSM49BAMCA0cAMEQCIGsaPLnN/zCh5Ktzi7ujrzG9h6tBP0fFMZsp
J9ZDf+HZAiAgl47k7fR9ErmWpD51yB8kJlXW75b9iZsj06nBXz1xbw==
-----END CERTIFICATE-----
, ClientTLSCert:-----BEGIN CERTIFICATE-----
MIICZDCCAgugAwIBAgIQbyHb+DiQl3Zk97H0SLnRdDAKBggqhkjOPQQDAjBsMQsw
CQYDVQQGEwJVUzETMBEGA1UECBMKQ2FsaWZvcm5pYTEWMBQGA1UEBxMNU2FuIEZy
YW5jaXNjbzEUMBIGA1UEChMLZXhhbXBsZS5jb20xGjAYBgNVBAMTEXRsc2NhLmV4
YW1wbGUuY29tMB4XDTIyMTIwNTEwNDYwMFoXDTMyMTIwMjEwNDYwMFowWTELMAkG
A1UEBhMCVVMxEzARBgNVBAgTCkNhbGlmb3JuaWExFjAUBgNVBAcTDVNhbiBGcmFu
Y2lzY28xHTAbBgNVBAMTFG9yZGVyZXIyLmV4YW1wbGUuY29tMFkwEwYHKoZIzj0C
AQYIKoZIzj0DAQcDQgAEqOzin4w4xr4mXk7WLeGVM+2S37xQtVQDLta+CgpvEIpL
PVGaCIUyMaCldOvdRTvHGS2rqBCDWG2IdpN+yTmWd6OBoTCBnjAOBgNVHQ8BAf8E
BAMCBaAwHQYDVR0lBBYwFAYIKwYBBQUHAwEGCCsGAQUFBwMCMAwGA1UdEwEB/wQC
MAAwKwYDVR0jBCQwIoAgXgI2Ygg6at/io/ZD9mYCNlfGrY4CkbqWoVYO7JtyH+4w
MgYDVR0RBCswKYIUb3JkZXJlcjIuZXhhbXBsZS5jb22CCG9yZGVyZXIyggEqhwTA
qAWAMAoGCCqGSM49BAMCA0cAMEQCIGsaPLnN/zCh5Ktzi7ujrzG9h6tBP0fFMZsp
J9ZDf+HZAiAgl47k7fR9ErmWpD51yB8kJlXW75b9iZsj06nBXz1xbw==
-----END CERTIFICATE-----
]
[34m2022-12-05 05:52:51.075 EST 0017 INFO[0m [orderer.common.cluster] [34;1mupdateStubInMapping[0m -> Allocating a new stub for node 1 with endpoint of orderer0.example.com:7050 for channel fabric-channel
[34m2022-12-05 05:52:51.075 EST 0018 INFO[0m [orderer.common.cluster] [34;1mupdateStubInMapping[0m -> Deactivating node 1 in channel fabric-channel with endpoint of orderer0.example.com:7050 due to TLS certificate change
[34m2022-12-05 05:52:51.075 EST 0019 INFO[0m [orderer.common.cluster] [34;1mupdateStubInMapping[0m -> Allocating a new stub for node 3 with endpoint of orderer2.example.com:9050 for channel fabric-channel
[34m2022-12-05 05:52:51.075 EST 001a INFO[0m [orderer.common.cluster] [34;1mupdateStubInMapping[0m -> Deactivating node 3 in channel fabric-channel with endpoint of orderer2.example.com:9050 due to TLS certificate change
[34m2022-12-05 05:52:51.075 EST 001b INFO[0m [orderer.common.cluster] [34;1mfunc1[0m -> 1 exists in both old and new membership for channel fabric-channel , skipping its deactivation
[34m2022-12-05 05:52:51.075 EST 001c INFO[0m [orderer.common.cluster] [34;1mfunc1[0m -> 3 exists in both old and new membership for channel fabric-channel , skipping its deactivation
[34m2022-12-05 05:52:51.075 EST 001d INFO[0m [orderer.common.cluster] [34;1mConfigure[0m -> Exiting
[34m2022-12-05 05:52:51.075 EST 001e INFO[0m [orderer.consensus.etcdraft] [34;1mstart[0m -> Starting raft node as part of a new channel channel=fabric-channel node=2
[34m2022-12-05 05:52:51.075 EST 001f INFO[0m [orderer.consensus.etcdraft] [34;1mbecomeFollower[0m -> 2 became follower at term 0 channel=fabric-channel node=2
[34m2022-12-05 05:52:51.075 EST 0020 INFO[0m [orderer.consensus.etcdraft] [34;1mnewRaft[0m -> newRaft 2 [peers: [], term: 0, commit: 0, applied: 0, lastindex: 0, lastterm: 0] channel=fabric-channel node=2
[34m2022-12-05 05:52:51.075 EST 0021 INFO[0m [orderer.consensus.etcdraft] [34;1mbecomeFollower[0m -> 2 became follower at term 1 channel=fabric-channel node=2
[34m2022-12-05 05:52:51.075 EST 0022 INFO[0m [orderer.common.server] [34;1mMain[0m -> Starting orderer:
 Version: 2.4.7
 Commit SHA: df9c661
 Go version: go1.18.7
 OS/Arch: linux/amd64
[34m2022-12-05 05:52:51.076 EST 0023 INFO[0m [orderer.common.server] [34;1mMain[0m -> Beginning to serve requests
[34m2022-12-05 05:52:51.076 EST 0024 INFO[0m [orderer.consensus.etcdraft] [34;1mapply[0m -> Applied config change to add node 1, current nodes in channel: [1 2 3] channel=fabric-channel node=2
[34m2022-12-05 05:52:51.076 EST 0025 INFO[0m [orderer.consensus.etcdraft] [34;1mapply[0m -> Applied config change to add node 2, current nodes in channel: [1 2 3] channel=fabric-channel node=2
[34m2022-12-05 05:52:51.076 EST 0026 INFO[0m [orderer.consensus.etcdraft] [34;1mapply[0m -> Applied config change to add node 3, current nodes in channel: [1 2 3] channel=fabric-channel node=2
[34m2022-12-05 05:52:56.579 EST 0027 INFO[0m [orderer.consensus.etcdraft] [34;1mStep[0m -> 2 is starting a new election at term 1 channel=fabric-channel node=2
[34m2022-12-05 05:52:56.579 EST 0028 INFO[0m [orderer.consensus.etcdraft] [34;1mbecomePreCandidate[0m -> 2 became pre-candidate at term 1 channel=fabric-channel node=2
[34m2022-12-05 05:52:56.579 EST 0029 INFO[0m [orderer.consensus.etcdraft] [34;1mpoll[0m -> 2 received MsgPreVoteResp from 2 at term 1 channel=fabric-channel node=2
[34m2022-12-05 05:52:56.579 EST 002a INFO[0m [orderer.consensus.etcdraft] [34;1mcampaign[0m -> 2 [logterm: 1, index: 3] sent MsgPreVote request to 3 at term 1 channel=fabric-channel node=2
[34m2022-12-05 05:52:56.579 EST 002b INFO[0m [orderer.consensus.etcdraft] [34;1mcampaign[0m -> 2 [logterm: 1, index: 3] sent MsgPreVote request to 1 at term 1 channel=fabric-channel node=2
[31m2022-12-05 05:52:56.580 EST 002c ERRO[0m [orderer.consensus.etcdraft] [31;1mlogSendFailure[0m -> Failed to send StepRequest to 3, because: rpc error: code = Unavailable desc = connection error: desc = "transport: Error while dialing dial tcp 192.168.5.128:9050: connect: connection refused" channel=fabric-channel node=2
[34m2022-12-05 05:53:00.913 EST 002d INFO[0m [orderer.consensus.etcdraft] [34;1mStep[0m -> 2 [logterm: 1, index: 3, vote: 0] cast MsgPreVote for 1 [logterm: 1, index: 3] at term 1 channel=fabric-channel node=2
[34m2022-12-05 05:53:00.915 EST 002e INFO[0m [orderer.consensus.etcdraft] [34;1mStep[0m -> 2 [term: 1] received a MsgVote message with higher term from 1 [term: 2] channel=fabric-channel node=2
[34m2022-12-05 05:53:00.915 EST 002f INFO[0m [orderer.consensus.etcdraft] [34;1mbecomeFollower[0m -> 2 became follower at term 2 channel=fabric-channel node=2
[34m2022-12-05 05:53:00.915 EST 0030 INFO[0m [orderer.consensus.etcdraft] [34;1mStep[0m -> 2 [logterm: 1, index: 3, vote: 0] cast MsgVote for 1 [logterm: 1, index: 3] at term 2 channel=fabric-channel node=2
[34m2022-12-05 05:53:00.916 EST 0031 INFO[0m [orderer.consensus.etcdraft] [34;1mrun[0m -> raft.node: 2 elected leader 1 at term 2 channel=fabric-channel node=2
[34m2022-12-05 05:53:00.917 EST 0032 INFO[0m [orderer.consensus.etcdraft] [34;1mrun[0m -> Raft leader changed: 0 -> 1 channel=fabric-channel node=2
[34m2022-12-05 05:53:18.396 EST 0033 INFO[0m [orderer.consensus.etcdraft] [34;1mStep[0m -> 2 [logterm: 2, index: 4, vote: 1] rejected MsgPreVote from 3 [logterm: 1, index: 3] at term 2 channel=fabric-channel node=2
[34m2022-12-05 05:53:25.894 EST 0034 INFO[0m [orderer.consensus.etcdraft] [34;1mStep[0m -> 2 [logterm: 2, index: 4, vote: 1] rejected MsgPreVote from 3 [logterm: 1, index: 3] at term 2 channel=fabric-channel node=2
[34m2022-12-05 05:53:25.894 EST 0035 INFO[0m [orderer.consensus.etcdraft] [34;1msend[0m -> Successfully sent StepRequest to 3 after failed attempt(s) channel=fabric-channel node=2
[34m2022-12-05 06:02:14.475 EST 0036 INFO[0m [orderer.consensus.etcdraft] [34;1mwriteBlock[0m -> Writing block [1] (Raft index: 5) to ledger channel=fabric-channel node=2
[34m2022-12-05 06:02:14.477 EST 0037 INFO[0m [blkstorage] [34;1mnewBlockfileMgr[0m -> Getting block information from block storage
[34m2022-12-05 06:02:14.481 EST 0038 INFO[0m [orderer.consensus.etcdraft] [34;1mHandleChain[0m -> EvictionSuspicion not set, defaulting to 10m0s
[34m2022-12-05 06:02:14.482 EST 0039 INFO[0m [orderer.consensus.etcdraft] [34;1mHandleChain[0m -> With system channel: after eviction InactiveChainRegistry.TrackChain will be called
[34m2022-12-05 06:02:14.482 EST 003a INFO[0m [orderer.consensus.etcdraft] [34;1mcreateOrReadWAL[0m -> No WAL data found, creating new WAL at path '/home/kali/hyperledger/fabric-network-learn/orderer1/production/etcdraft/wal/businesschannel' channel=businesschannel node=2
[34m2022-12-05 06:02:14.493 EST 003b INFO[0m [orderer.consensus.etcdraft] [34;1mStart[0m -> Starting Raft node channel=businesschannel node=2
[34m2022-12-05 06:02:14.494 EST 003c INFO[0m [orderer.common.cluster] [34;1mConfigure[0m -> Entering, channel: businesschannel, nodes: [ID: 3,
Endpoint: orderer2.example.com:9050,
ServerTLSCert:-----BEGIN CERTIFICATE-----
MIICZDCCAgugAwIBAgIQbyHb+DiQl3Zk97H0SLnRdDAKBggqhkjOPQQDAjBsMQsw
CQYDVQQGEwJVUzETMBEGA1UECBMKQ2FsaWZvcm5pYTEWMBQGA1UEBxMNU2FuIEZy
YW5jaXNjbzEUMBIGA1UEChMLZXhhbXBsZS5jb20xGjAYBgNVBAMTEXRsc2NhLmV4
YW1wbGUuY29tMB4XDTIyMTIwNTEwNDYwMFoXDTMyMTIwMjEwNDYwMFowWTELMAkG
A1UEBhMCVVMxEzARBgNVBAgTCkNhbGlmb3JuaWExFjAUBgNVBAcTDVNhbiBGcmFu
Y2lzY28xHTAbBgNVBAMTFG9yZGVyZXIyLmV4YW1wbGUuY29tMFkwEwYHKoZIzj0C
AQYIKoZIzj0DAQcDQgAEqOzin4w4xr4mXk7WLeGVM+2S37xQtVQDLta+CgpvEIpL
PVGaCIUyMaCldOvdRTvHGS2rqBCDWG2IdpN+yTmWd6OBoTCBnjAOBgNVHQ8BAf8E
BAMCBaAwHQYDVR0lBBYwFAYIKwYBBQUHAwEGCCsGAQUFBwMCMAwGA1UdEwEB/wQC
MAAwKwYDVR0jBCQwIoAgXgI2Ygg6at/io/ZD9mYCNlfGrY4CkbqWoVYO7JtyH+4w
MgYDVR0RBCswKYIUb3JkZXJlcjIuZXhhbXBsZS5jb22CCG9yZGVyZXIyggEqhwTA
qAWAMAoGCCqGSM49BAMCA0cAMEQCIGsaPLnN/zCh5Ktzi7ujrzG9h6tBP0fFMZsp
J9ZDf+HZAiAgl47k7fR9ErmWpD51yB8kJlXW75b9iZsj06nBXz1xbw==
-----END CERTIFICATE-----
, ClientTLSCert:-----BEGIN CERTIFICATE-----
MIICZDCCAgugAwIBAgIQbyHb+DiQl3Zk97H0SLnRdDAKBggqhkjOPQQDAjBsMQsw
CQYDVQQGEwJVUzETMBEGA1UECBMKQ2FsaWZvcm5pYTEWMBQGA1UEBxMNU2FuIEZy
YW5jaXNjbzEUMBIGA1UEChMLZXhhbXBsZS5jb20xGjAYBgNVBAMTEXRsc2NhLmV4
YW1wbGUuY29tMB4XDTIyMTIwNTEwNDYwMFoXDTMyMTIwMjEwNDYwMFowWTELMAkG
A1UEBhMCVVMxEzARBgNVBAgTCkNhbGlmb3JuaWExFjAUBgNVBAcTDVNhbiBGcmFu
Y2lzY28xHTAbBgNVBAMTFG9yZGVyZXIyLmV4YW1wbGUuY29tMFkwEwYHKoZIzj0C
AQYIKoZIzj0DAQcDQgAEqOzin4w4xr4mXk7WLeGVM+2S37xQtVQDLta+CgpvEIpL
PVGaCIUyMaCldOvdRTvHGS2rqBCDWG2IdpN+yTmWd6OBoTCBnjAOBgNVHQ8BAf8E
BAMCBaAwHQYDVR0lBBYwFAYIKwYBBQUHAwEGCCsGAQUFBwMCMAwGA1UdEwEB/wQC
MAAwKwYDVR0jBCQwIoAgXgI2Ygg6at/io/ZD9mYCNlfGrY4CkbqWoVYO7JtyH+4w
MgYDVR0RBCswKYIUb3JkZXJlcjIuZXhhbXBsZS5jb22CCG9yZGVyZXIyggEqhwTA
qAWAMAoGCCqGSM49BAMCA0cAMEQCIGsaPLnN/zCh5Ktzi7ujrzG9h6tBP0fFMZsp
J9ZDf+HZAiAgl47k7fR9ErmWpD51yB8kJlXW75b9iZsj06nBXz1xbw==
-----END CERTIFICATE-----
 ID: 1,
Endpoint: orderer0.example.com:7050,
ServerTLSCert:-----BEGIN CERTIFICATE-----
MIICXTCCAgOgAwIBAgIRAK+KFEU7wHxflMw2z7qrE5gwCgYIKoZIzj0EAwIwbDEL
MAkGA1UEBhMCVVMxEzARBgNVBAgTCkNhbGlmb3JuaWExFjAUBgNVBAcTDVNhbiBG
cmFuY2lzY28xFDASBgNVBAoTC2V4YW1wbGUuY29tMRowGAYDVQQDExF0bHNjYS5l
eGFtcGxlLmNvbTAeFw0yMjEyMDUxMDQ2MDBaFw0zMjEyMDIxMDQ2MDBaMFkxCzAJ
BgNVBAYTAlVTMRMwEQYDVQQIEwpDYWxpZm9ybmlhMRYwFAYDVQQHEw1TYW4gRnJh
bmNpc2NvMR0wGwYDVQQDExRvcmRlcmVyMC5leGFtcGxlLmNvbTBZMBMGByqGSM49
AgEGCCqGSM49AwEHA0IABPg5xsEmlUHDCSVpC44IZruuI0+dU+eTq5k9R1kGwP3g
54WUZbW9+LBDTYmHX5ckLK102lEVef0ihYRgKOzwRWKjgZgwgZUwDgYDVR0PAQH/
BAQDAgWgMB0GA1UdJQQWMBQGCCsGAQUFBwMBBggrBgEFBQcDAjAMBgNVHRMBAf8E
AjAAMCsGA1UdIwQkMCKAIF4CNmIIOmrf4qP2Q/ZmAjZXxq2OApG6lqFWDuybch/u
MCkGA1UdEQQiMCCCFG9yZGVyZXIwLmV4YW1wbGUuY29tgghvcmRlcmVyMDAKBggq
hkjOPQQDAgNIADBFAiEAmxpCA9x4MkAcXr/v9a2IwL8GpyX4TcYu0wPDT7H+CrYC
IFP/VKU5JGE1rk8zfPc5nQULO6/o4c3ONDxQ4vacbp8m
-----END CERTIFICATE-----
, ClientTLSCert:-----BEGIN CERTIFICATE-----
MIICXTCCAgOgAwIBAgIRAK+KFEU7wHxflMw2z7qrE5gwCgYIKoZIzj0EAwIwbDEL
MAkGA1UEBhMCVVMxEzARBgNVBAgTCkNhbGlmb3JuaWExFjAUBgNVBAcTDVNhbiBG
cmFuY2lzY28xFDASBgNVBAoTC2V4YW1wbGUuY29tMRowGAYDVQQDExF0bHNjYS5l
eGFtcGxlLmNvbTAeFw0yMjEyMDUxMDQ2MDBaFw0zMjEyMDIxMDQ2MDBaMFkxCzAJ
BgNVBAYTAlVTMRMwEQYDVQQIEwpDYWxpZm9ybmlhMRYwFAYDVQQHEw1TYW4gRnJh
bmNpc2NvMR0wGwYDVQQDExRvcmRlcmVyMC5leGFtcGxlLmNvbTBZMBMGByqGSM49
AgEGCCqGSM49AwEHA0IABPg5xsEmlUHDCSVpC44IZruuI0+dU+eTq5k9R1kGwP3g
54WUZbW9+LBDTYmHX5ckLK102lEVef0ihYRgKOzwRWKjgZgwgZUwDgYDVR0PAQH/
BAQDAgWgMB0GA1UdJQQWMBQGCCsGAQUFBwMBBggrBgEFBQcDAjAMBgNVHRMBAf8E
AjAAMCsGA1UdIwQkMCKAIF4CNmIIOmrf4qP2Q/ZmAjZXxq2OApG6lqFWDuybch/u
MCkGA1UdEQQiMCCCFG9yZGVyZXIwLmV4YW1wbGUuY29tgghvcmRlcmVyMDAKBggq
hkjOPQQDAgNIADBFAiEAmxpCA9x4MkAcXr/v9a2IwL8GpyX4TcYu0wPDT7H+CrYC
IFP/VKU5JGE1rk8zfPc5nQULO6/o4c3ONDxQ4vacbp8m
-----END CERTIFICATE-----
]
[34m2022-12-05 06:02:14.494 EST 003d INFO[0m [orderer.common.cluster] [34;1mupdateStubInMapping[0m -> Allocating a new stub for node 3 with endpoint of orderer2.example.com:9050 for channel businesschannel
[34m2022-12-05 06:02:14.494 EST 003e INFO[0m [orderer.common.cluster] [34;1mupdateStubInMapping[0m -> Deactivating node 3 in channel businesschannel with endpoint of orderer2.example.com:9050 due to TLS certificate change
[34m2022-12-05 06:02:14.500 EST 003f INFO[0m [orderer.common.cluster] [34;1mupdateStubInMapping[0m -> Allocating a new stub for node 1 with endpoint of orderer0.example.com:7050 for channel businesschannel
[34m2022-12-05 06:02:14.500 EST 0040 INFO[0m [orderer.common.cluster] [34;1mupdateStubInMapping[0m -> Deactivating node 1 in channel businesschannel with endpoint of orderer0.example.com:7050 due to TLS certificate change
[34m2022-12-05 06:02:14.500 EST 0041 INFO[0m [orderer.common.cluster] [34;1mfunc1[0m -> 1 exists in both old and new membership for channel businesschannel , skipping its deactivation
[34m2022-12-05 06:02:14.500 EST 0042 INFO[0m [orderer.common.cluster] [34;1mfunc1[0m -> 3 exists in both old and new membership for channel businesschannel , skipping its deactivation
[34m2022-12-05 06:02:14.500 EST 0043 INFO[0m [orderer.common.cluster] [34;1mConfigure[0m -> Exiting
[34m2022-12-05 06:02:14.500 EST 0044 INFO[0m [orderer.consensus.etcdraft] [34;1mstart[0m -> Starting raft node as part of a new channel channel=businesschannel node=2
[34m2022-12-05 06:02:14.500 EST 0045 INFO[0m [orderer.consensus.etcdraft] [34;1mbecomeFollower[0m -> 2 became follower at term 0 channel=businesschannel node=2
[34m2022-12-05 06:02:14.500 EST 0046 INFO[0m [orderer.consensus.etcdraft] [34;1mnewRaft[0m -> newRaft 2 [peers: [], term: 0, commit: 0, applied: 0, lastindex: 0, lastterm: 0] channel=businesschannel node=2
[34m2022-12-05 06:02:14.500 EST 0047 INFO[0m [orderer.consensus.etcdraft] [34;1mbecomeFollower[0m -> 2 became follower at term 1 channel=businesschannel node=2
[34m2022-12-05 06:02:14.500 EST 0048 INFO[0m [orderer.commmon.multichannel] [34;1mnewChain[0m -> Created and started new channel businesschannel
[34m2022-12-05 06:02:14.501 EST 0049 INFO[0m [orderer.consensus.etcdraft] [34;1mapply[0m -> Applied config change to add node 1, current nodes in channel: [1 2 3] channel=businesschannel node=2
[34m2022-12-05 06:02:14.501 EST 004a INFO[0m [orderer.consensus.etcdraft] [34;1mapply[0m -> Applied config change to add node 2, current nodes in channel: [1 2 3] channel=businesschannel node=2
[34m2022-12-05 06:02:14.501 EST 004b INFO[0m [orderer.consensus.etcdraft] [34;1mapply[0m -> Applied config change to add node 3, current nodes in channel: [1 2 3] channel=businesschannel node=2
[34m2022-12-05 06:02:15.487 EST 004c INFO[0m [orderer.consensus.etcdraft] [34;1mStep[0m -> 2 [logterm: 1, index: 3, vote: 0] cast MsgPreVote for 1 [logterm: 1, index: 3] at term 1 channel=businesschannel node=2
[34m2022-12-05 06:02:15.489 EST 004d INFO[0m [orderer.consensus.etcdraft] [34;1mStep[0m -> 2 [term: 1] received a MsgVote message with higher term from 1 [term: 2] channel=businesschannel node=2
[34m2022-12-05 06:02:15.489 EST 004e INFO[0m [orderer.consensus.etcdraft] [34;1mbecomeFollower[0m -> 2 became follower at term 2 channel=businesschannel node=2
[34m2022-12-05 06:02:15.489 EST 004f INFO[0m [orderer.consensus.etcdraft] [34;1mStep[0m -> 2 [logterm: 1, index: 3, vote: 0] cast MsgVote for 1 [logterm: 1, index: 3] at term 2 channel=businesschannel node=2
[34m2022-12-05 06:02:15.491 EST 0050 INFO[0m [orderer.consensus.etcdraft] [34;1mrun[0m -> raft.node: 2 elected leader 1 at term 2 channel=businesschannel node=2
[34m2022-12-05 06:02:15.492 EST 0051 INFO[0m [orderer.consensus.etcdraft] [34;1mrun[0m -> Raft leader changed: 0 -> 1 channel=businesschannel node=2
